Loading plugin 'plugins/Dot.hs'...
Finished loading plugins.
Loading plugin 'plugins/Dot.hs'...
Loading plugin 'clafer.hs'...
Loading plugin 'plugins/Dot.hs'...
Loading plugin 'clafer.hs'...
Loading plugin 'plugins/Dot.hs'...
Loading plugin 'plugins/Dot.hs'...
Loading plugin 'plugins/Clafer.hs'...
Finished loading plugins.
Loading plugin 'plugins/Dot.hs'...
Loading plugin 'plugins/Clafer.hs'...
Finished loading plugins.
Loading plugin 'plugins/Dot.hs'...
Loading plugin 'plugins/Clafer.hs'...
Finished loading plugins.
Loading plugin 'plugins/Dot.hs'...
Loading plugin 'plugins/Clafer.hs'...
Finished loading plugins.
Loading plugin 'plugins/Dot.hs'...
Loading plugin 'plugins/Clafer.hs'...
Finished loading plugins.
Loading plugin 'plugins/Dot.hs'...
Loading plugin 'plugins/Clafer.hs'...
Finished loading plugins.
Loading plugin 'plugins/Dot.hs'...
Loading plugin 'plugins/Clafer.hs'...
Loading plugin 'plugins/Dot.hs'...
Loading plugin 'plugins/Clafer.hs'...
Loading plugin 'plugins/Dot.hs'...
Loading plugin 'plugins/Clafer.hs'...
Finished loading plugins.
Loading plugin 'plugins/Dot.hs'...
Loading plugin 'plugins/Clafer.hs'...
Finished loading plugins.
Loading plugin 'plugins/Dot.hs'...
Loading plugin 'plugins/Clafer.hs'...
Finished loading plugins.
Loading plugin 'plugins/Dot.hs'...
Loading plugin 'plugins/Clafer.hs'...
Finished loading plugins.
Loading plugin 'plugins/Dot.hs'...
Loading plugin 'plugins/Clafer.hs'...
Finished loading plugins.
Loading plugin 'plugins/Dot.hs'...
Loading plugin 'plugins/Clafer.hs'...
Finished loading plugins.
Loading plugin 'plugins/Dot.hs'...
Loading plugin 'plugins/Clafer.hs'...
Finished loading plugins.
Loading plugin 'plugins/Dot.hs'...
Loading plugin 'plugins/Clafer.hs'...
Finished loading plugins.
Loading plugin 'plugins/Dot.hs'...
Loading plugin 'plugins/Clafer.hs'...
Loading plugin 'plugins/Dot.hs'...
Loading plugin 'plugins/Clafer.hs'...
Loading plugin 'plugins/Dot.hs'...
Loading plugin 'plugins/Clafer.hs'...
Loading plugin 'plugins/Dot.hs'...
Loading plugin 'plugins/Clafer.hs'...
Loading plugin 'plugins/Dot.hs'...
Loading plugin 'plugins/Clafer.hs'...
Loading plugin 'plugins/Dot.hs'...
Loading plugin 'plugins/Clafer.hs'...
Loading plugin 'plugins/Dot.hs'...
Loading plugin 'plugins/Clafer.hs'...
Loading plugin 'plugins/Dot.hs'...
Loading plugin 'plugins/Clafer.hs'...
Loading plugin 'plugins/Dot.hs'...
Loading plugin 'plugins/Clafer.hs'...
Loading plugin 'plugins/Dot.hs'...
Loading plugin 'plugins/ClaferReader.hs'...
Loading plugin 'plugins/Dot.hs'...
Loading plugin 'plugins/ClaferReader.hs'...
Loading plugin 'plugins/Dot.hs'...
Loading plugin 'plugins/ClaferReader.hs'...
Loading plugin 'plugins/Dot.hs'...
Loading plugin 'plugins/ClaferReader.hs'...
Finished loading plugins.
Loading plugin 'plugins/Dot.hs'...
Loading plugin 'plugins/ClaferReader.hs'...
Loading plugin 'plugins/ClaferCompiler.hs'...
Loading plugin 'plugins/Dot.hs'...
Loading plugin 'plugins/ClaferReader.hs'...
Loading plugin 'plugins/ClaferCompiler.hs'...
Loading plugin 'plugins/Dot.hs'...
Loading plugin 'plugins/ClaferReader.hs'...
Loading plugin 'plugins/ClaferCompiler.hs'...
Loading plugin 'plugins/Dot.hs'...
Loading plugin 'plugins/ClaferReader.hs'...
Loading plugin 'plugins/ClaferCompiler.hs'...
Loading plugin 'plugins/Dot.hs'...
Loading plugin 'plugins/ClaferReader.hs'...
Loading plugin 'plugins/ClaferCompiler.hs'...
Loading plugin 'plugins/Dot.hs'...
Loading plugin 'plugins/ClaferReader.hs'...
Loading plugin 'plugins/ClaferCompiler.hs'...
Loading plugin 'plugins/Dot.hs'...
Loading plugin 'plugins/ClaferReader.hs'...
Loading plugin 'plugins/ClaferCompiler.hs'...
Loading plugin 'plugins/Dot.hs'...
Loading plugin 'plugins/ClaferReader.hs'...
Loading plugin 'plugins/ClaferCompiler.hs'...
Loading plugin 'plugins/ClaferReader.hs'...
Loading plugin 'plugins/ClaferCompiler.hs'...
Loading plugin 'plugins/ClaferReader.hs'...
Loading plugin 'plugins/ClaferCompiler.hs'...
Loading plugin 'plugins/ClaferReader.hs'...
Loading plugin 'plugins/ClaferCompiler.hs'...
Loading plugin 'plugins/ClaferReader.hs'...
Loading plugin 'plugins/ClaferCompiler.hs'...
Loading plugin 'plugins/ClaferReader.hs'...
Loading plugin 'plugins/ClaferCompiler.hs'...
Loading plugin 'plugins/ClaferReader.hs'...
Loading plugin 'plugins/ClaferCompiler.hs'...
Loading plugin 'plugins/ClaferReader.hs'...
Loading plugin 'plugins/ClaferCompiler.hs'...
Loading plugin 'plugins/ClaferReader.hs'...
Loading plugin 'plugins/ClaferCompiler.hs'...
Loading plugin 'plugins/ClaferReader.hs'...
Loading plugin 'plugins/ClaferCompiler.hs'...
Loading plugin 'plugins/ClaferReader.hs'...
Loading plugin 'plugins/ClaferCompiler.hs'...
Finished loading plugins.
Loading plugin 'plugins/ClaferReader.hs'...
Loading plugin 'plugins/ClaferCompiler.hs'...
Loading plugin 'plugins/ClaferWriter.hs'...
Loading plugin 'plugins/ClaferReader.hs'...
Loading plugin 'plugins/ClaferCompiler.hs'...
Loading plugin 'plugins/ClaferWriter.hs'...
Loading plugin 'plugins/ClaferReader.hs'...
Loading plugin 'plugins/ClaferCompiler.hs'...
Loading plugin 'plugins/ClaferWriter.hs'...
Loading plugin 'plugins/ClaferReader.hs'...
Loading plugin 'plugins/ClaferCompiler.hs'...
Loading plugin 'plugins/ClaferWriter.hs'...
Loading plugin 'plugins/ClaferReader.hs'...
Loading plugin 'plugins/ClaferCompiler.hs'...
Loading plugin 'plugins/ClaferWriter.hs'...
Loading plugin 'plugins/ClaferReader.hs'...
Loading plugin 'plugins/ClaferCompiler.hs'...
Loading plugin 'plugins/ClaferWriter.hs'...
Loading plugin 'plugins/ClaferReader.hs'...
Loading plugin 'plugins/ClaferCompiler.hs'...
Loading plugin 'plugins/ClaferWriter.hs'...
Loading plugin 'plugins/ClaferReader.hs'...
Loading plugin 'plugins/ClaferCompiler.hs'...
Loading plugin 'plugins/ClaferWriter.hs'...
Loading plugin 'plugins/ClaferReader.hs'...
Loading plugin 'plugins/ClaferCompiler.hs'...
Loading plugin 'plugins/ClaferWriter.hs'...
Finished loading plugins.
Loading plugin 'plugins/ClaferReader.hs'...
Loading plugin 'plugins/ClaferCompiler.hs'...
Loading plugin 'plugins/ClaferWriter.hs'...
Finished loading plugins.
Loading plugin 'plugins/ClaferReader.hs'...
Loading plugin 'plugins/ClaferCompiler.hs'...
Loading plugin 'plugins/ClaferWriter.hs'...
Finished loading plugins.
Loading plugin 'plugins/ClaferReader.hs'...
Loading plugin 'plugins/ClaferCompiler.hs'...
Loading plugin 'plugins/ClaferWriter.hs'...
Finished loading plugins.
Loading plugin 'plugins/ClaferReader.hs'...
Loading plugin 'plugins/ClaferCompiler.hs'...
Loading plugin 'plugins/ClaferWriter.hs'...
Loading plugin 'plugins/ClaferReader.hs'...
Loading plugin 'plugins/ClaferCompiler.hs'...
Loading plugin 'plugins/ClaferWriter.hs'...
Finished loading plugins.
Loading plugin 'plugins/ClaferReader.hs'...
Loading plugin 'plugins/ClaferCompiler.hs'...
Loading plugin 'plugins/ClaferWriter.hs'...
Finished loading plugins.
Loading plugin 'plugins/ClaferReader.hs'...
Loading plugin 'plugins/ClaferCompiler.hs'...
Loading plugin 'plugins/ClaferWriter.hs'...
Loading plugin 'plugins/ClaferReader.hs'...
Loading plugin 'plugins/ClaferCompiler.hs'...
Loading plugin 'plugins/ClaferWriter.hs'...
Loading plugin 'plugins/ClaferReader.hs'...
Loading plugin 'plugins/ClaferCompiler.hs'...
Loading plugin 'plugins/ClaferWriter.hs'...
Finished loading plugins.
Loading plugin 'plugins/ClaferReader.hs'...
Loading plugin 'plugins/ClaferCompiler.hs'...
Loading plugin 'plugins/ClaferWriter.hs'...
Finished loading plugins.
Loading plugin 'plugins/ClaferReader.hs'...
Loading plugin 'plugins/ClaferCompiler.hs'...
Loading plugin 'plugins/ClaferWriter.hs'...
Finished loading plugins.
Loading plugin 'plugins/ClaferReader.hs'...
Loading plugin 'plugins/ClaferCompiler.hs'...
Loading plugin 'plugins/ClaferWriter.hs'...
Finished loading plugins.
Loading plugin 'plugins/ClaferReader.hs'...
Loading plugin 'plugins/ClaferCompiler.hs'...
Loading plugin 'plugins/ClaferWriter.hs'...
Finished loading plugins.
Loading plugin 'plugins/ClaferReader.hs'...
Loading plugin 'plugins/ClaferCompiler.hs'...
Loading plugin 'plugins/ClaferWriter.hs'...
Finished loading plugins.
Loading plugin 'plugins/ClaferReader.hs'...
Loading plugin 'plugins/ClaferCompiler.hs'...
Loading plugin 'plugins/ClaferWriter.hs'...
Finished loading plugins.
Loading plugin 'plugins/ClaferReader.hs'...
Loading plugin 'plugins/ClaferCompiler.hs'...
Loading plugin 'plugins/ClaferWriter.hs'...
Loading plugin 'plugins/ClaferReader.hs'...
Loading plugin 'plugins/ClaferCompiler.hs'...
Loading plugin 'plugins/ClaferWriter.hs'...
Finished loading plugins.
Loading plugin 'plugins/ClaferReader.hs'...
Loading plugin 'plugins/ClaferCompiler.hs'...
Loading plugin 'plugins/ClaferWriter.hs'...
Finished loading plugins.
Loading plugin 'plugins/ClaferReader.hs'...
Loading plugin 'plugins/ClaferCompiler.hs'...
Loading plugin 'plugins/ClaferWriter.hs'...
Finished loading plugins.
Loading plugin 'plugins/ClaferReader.hs'...
Loading plugin 'plugins/ClaferCompiler.hs'...
Loading plugin 'plugins/ClaferWriter.hs'...
Finished loading plugins.
Loading plugin 'plugins/ClaferReader.hs'...
Loading plugin 'plugins/ClaferCompiler.hs'...
Loading plugin 'plugins/ClaferWriter.hs'...
Finished loading plugins.
Loading plugin 'plugins/ClaferReader.hs'...
Loading plugin 'plugins/ClaferCompiler.hs'...
Loading plugin 'plugins/ClaferWriter.hs'...
Finished loading plugins.
Loading plugin 'plugins/ClaferReader.hs'...
Loading plugin 'plugins/ClaferCompiler.hs'...
Loading plugin 'plugins/ClaferWriter.hs'...
Finished loading plugins.
Loading plugin 'plugins/ClaferReader.hs'...
Loading plugin 'plugins/ClaferCompiler.hs'...
Loading plugin 'plugins/ClaferWriter.hs'...
Finished loading plugins.
Created repository in wikidata
Added Front Page.page to repository
Added Help.page to repository
Added Gitit User's Guide.page to repository
Loading plugin 'plugins/ClaferReader.hs'...
Loading plugin 'plugins/ClaferCompiler.hs'...
Loading plugin 'plugins/ClaferWriter.hs'...
Finished loading plugins.
Loading plugin 'plugins/ClaferReader.hs'...
Loading plugin 'plugins/ClaferCompiler.hs'...
Loading plugin 'plugins/ClaferWriter.hs'...
Finished loading plugins.
Loading plugin 'plugins/ClaferReader.hs'...
Loading plugin 'plugins/ClaferCompiler.hs'...
Loading plugin 'plugins/ClaferReader.hs'...
Loading plugin 'plugins/ClaferCompiler.hs'...
Loading plugin 'plugins/ClaferReader.hs'...
Loading plugin 'plugins/ClaferCompiler.hs'...
Loading plugin 'plugins/ClaferReader.hs'...
Loading plugin 'plugins/ClaferCompiler.hs'...
Loading plugin 'plugins/ClaferReader.hs'...
Loading plugin 'plugins/ClaferCompiler.hs'...
Loading plugin 'plugins/ClaferReader.hs'...
Loading plugin 'plugins/ClaferCompiler.hs'...
Loading plugin 'plugins/ClaferReader.hs'...
Loading plugin 'plugins/ClaferCompiler.hs'...
Loading plugin 'plugins/ClaferWriter.hs'...
Finished loading plugins.
Loading plugin 'plugins/ClaferReader.hs'...
Loading plugin 'plugins/ClaferCompiler.hs'...
Loading plugin 'plugins/ClaferReader.hs'...
Loading plugin 'plugins/ClaferCompiler.hs'...
Loading plugin 'plugins/ClaferReader.hs'...
Loading plugin 'plugins/ClaferCompiler.hs'...
Loading plugin 'plugins/ClaferReader.hs'...
Loading plugin 'plugins/ClaferCompiler.hs'...
Loading plugin 'plugins/ClaferWriter.hs'...
Finished loading plugins.
Loading plugin 'plugins/ClaferReader.hs'...
Loading plugin 'plugins/ClaferCompiler.hs'...
Loading plugin 'plugins/ClaferReader.hs'...
Loading plugin 'plugins/ClaferCompiler.hs'...
Loading plugin 'plugins/ClaferReader.hs'...
Loading plugin 'plugins/ClaferCompiler.hs'...
Loading plugin 'plugins/ClaferReader.hs'...
Loading plugin 'plugins/ClaferCompiler.hs'...
Loading plugin 'plugins/ClaferReader.hs'...
Loading plugin 'plugins/ClaferCompiler.hs'...
Loading plugin 'plugins/ClaferReader.hs'...
Loading plugin 'plugins/ClaferCompiler.hs'...
Loading plugin 'plugins/ClaferReader.hs'...
Loading plugin 'plugins/ClaferCompiler.hs'...
Loading plugin 'plugins/ClaferReader.hs'...
Loading plugin 'plugins/ClaferCompiler.hs'...
Loading plugin 'plugins/ClaferWriter.hs'...
Finished loading plugins.
Loading plugin 'plugins/ClaferReader.hs'...
Loading plugin 'plugins/ClaferCompiler.hs'...
Loading plugin 'plugins/ClaferWriter.hs'...
Finished loading plugins.
